Collecting wrapt
Installing collected packages: wrapt
Successfully installed wrapt-1.12.0
You are using pip version 10.0.1, however version 20.0.2 is available.
You should consider upgrading via the 'pip install --upgrade pip' command.
Requirement already satisfied: tensorflow in /home/ec2-user/anaconda3/envs/python3/lib/python3.6/site-packages (1.14.0)
Requirement already satisfied: tensorboard<1.15.0,>=1.14.0 in /home/ec2-user/anaconda3/envs/python3/lib/python3.6/site-packages (from tensorflow) (1.14.0)
Requirement already satisfied: astor>=0.6.0 in /home/ec2-user/anaconda3/envs/python3/lib/python3.6/site-packages (from tensorflow) (0.8.1)
Requirement already satisfied: wrapt>=1.11.1 in /home/ec2-user/anaconda3/envs/python3/lib/python3.6/site-packages (from tensorflow) (1.12.0)
Requirement already satisfied: protobuf>=3.6.1 in /home/ec2-user/anaconda3/envs/python3/lib/python3.6/site-packages (from tensorflow) (3.6.1)
Requirement already satisfied: google-pasta>=0.1.6 in /home/ec2-user/anaconda3/envs/python3/lib/python3.6/site-packages (from tensorflow) (0.1.8)
Requirement already satisfied: tensorflow-estimator<1.15.0rc0,>=1.14.0rc0 in /home/ec2-user/anaconda3/envs/python3/lib/python3.6/site-packages (from tensorflow) (1.14.0)
Requirement already satisfied: numpy<2.0,>=1.14.5 in /home/ec2-user/anaconda3/envs/python3/lib/python3.6/site-packages (from tensorflow) (1.18.1)
Requirement already satisfied: six>=1.10.0 in /home/ec2-user/anaconda3/envs/python3/lib/python3.6/site-packages (from tensorflow) (1.11.0)
Requirement already satisfied: termcolor>=1.1.0 in /home/ec2-user/anaconda3/envs/python3/lib/python3.6/site-packages (from tensorflow) (1.1.0)
Requirement already satisfied: keras-preprocessing>=1.0.5 in /home/ec2-user/anaconda3/envs/python3/lib/python3.6/site-packages (from tensorflow) (1.1.0)
Requirement already satisfied: wheel>=0.26 in /home/ec2-user/anaconda3/envs/python3/lib/python3.6/site-packages (from tensorflow) (0.31.1)
Requirement already satisfied: gast>=0.2.0 in /home/ec2-user/anaconda3/envs/python3/lib/python3.6/site-packages (from tensorflow) (0.3.3)
Requirement already satisfied: absl-py>=0.7.0 in /home/ec2-user/anaconda3/envs/python3/lib/python3.6/site-packages (from tensorflow) (0.9.0)
Requirement already satisfied: keras-applications>=1.0.6 in /home/ec2-user/anaconda3/envs/python3/lib/python3.6/site-packages (from tensorflow) (1.0.8)
Requirement already satisfied: grpcio>=1.8.6 in /home/ec2-user/anaconda3/envs/python3/lib/python3.6/site-packages (from tensorflow) (1.27.2)
Requirement already satisfied: setuptools>=41.0.0 in /home/ec2-user/anaconda3/envs/python3/lib/python3.6/site-packages (from tensorboard<1.15.0,>=1.14.0->tensorflow) (45.2.0)
Requirement already satisfied: werkzeug>=0.11.15 in /home/ec2-user/anaconda3/envs/python3/lib/python3.6/site-packages (from tensorboard<1.15.0,>=1.14.0->tensorflow) (0.14.1)
Requirement already satisfied: markdown>=2.6.8 in /home/ec2-user/anaconda3/envs/python3/lib/python3.6/site-packages (from tensorboard<1.15.0,>=1.14.0->tensorflow) (3.2.1)
Requirement already satisfied: h5py in /home/ec2-user/anaconda3/envs/python3/lib/python3.6/site-packages (from keras-applications>=1.0.6->tensorflow) (2.8.0)
You are using pip version 10.0.1, however version 20.0.2 is available.
You should consider upgrading via the 'pip install --upgrade pip' command.
Collecting wrapt
Installing collected packages: wrapt
Successfully installed wrapt-1.12.0
You are using pip version 10.0.1, however version 20.0.2 is available.
You should consider upgrading via the 'pip install --upgrade pip' command.
Requirement already satisfied: tensorflow in /home/ec2-user/anaconda3/envs/python3/lib/python3.6/site-packages (1.14.0)
Requirement already satisfied: google-pasta>=0.1.6 in /home/ec2-user/anaconda3/envs/python3/lib/python3.6/site-packages (from tensorflow) (0.1.8)
Requirement already satisfied: termcolor>=1.1.0 in /home/ec2-user/anaconda3/envs/python3/lib/python3.6/site-packages (from tensorflow) (1.1.0)
Requirement already satisfied: wrapt>=1.11.1 in /home/ec2-user/anaconda3/envs/python3/lib/python3.6/site-packages (from tensorflow) (1.12.0)
Requirement already satisfied: protobuf>=3.6.1 in /home/ec2-user/anaconda3/envs/python3/lib/python3.6/site-packages (from tensorflow) (3.6.1)
Requirement already satisfied: wheel>=0.26 in /home/ec2-user/anaconda3/envs/python3/lib/python3.6/site-packages (from tensorflow) (0.31.1)
Requirement already satisfied: tensorboard<1.15.0,>=1.14.0 in /home/ec2-user/anaconda3/envs/python3/lib/python3.6/site-packages (from tensorflow) (1.14.0)
Requirement already satisfied: astor>=0.6.0 in /home/ec2-user/anaconda3/envs/python3/lib/python3.6/site-packages (from tensorflow) (0.8.1)
Requirement already satisfied: numpy<2.0,>=1.14.5 in /home/ec2-user/anaconda3/envs/python3/lib/python3.6/site-packages (from tensorflow) (1.18.1)
Requirement already satisfied: tensorflow-estimator<1.15.0rc0,>=1.14.0rc0 in /home/ec2-user/anaconda3/envs/python3/lib/python3.6/site-packages (from tensorflow) (1.14.0)
Requirement already satisfied: absl-py>=0.7.0 in /home/ec2-user/anaconda3/envs/python3/lib/python3.6/site-packages (from tensorflow) (0.9.0)
Requirement already satisfied: keras-preprocessing>=1.0.5 in /home/ec2-user/anaconda3/envs/python3/lib/python3.6/site-packages (from tensorflow) (1.1.0)
Requirement already satisfied: six>=1.10.0 in /home/ec2-user/anaconda3/envs/python3/lib/python3.6/site-packages (from tensorflow) (1.11.0)
Requirement already satisfied: gast>=0.2.0 in /home/ec2-user/anaconda3/envs/python3/lib/python3.6/site-packages (from tensorflow) (0.3.3)
Requirement already satisfied: keras-applications>=1.0.6 in /home/ec2-user/anaconda3/envs/python3/lib/python3.6/site-packages (from tensorflow) (1.0.8)
Requirement already satisfied: grpcio>=1.8.6 in /home/ec2-user/anaconda3/envs/python3/lib/python3.6/site-packages (from tensorflow) (1.27.2)
Requirement already satisfied: setuptools in /home/ec2-user/anaconda3/envs/python3/lib/python3.6/site-packages (from protobuf>=3.6.1->tensorflow) (45.2.0)
Requirement already satisfied: markdown>=2.6.8 in /home/ec2-user/anaconda3/envs/python3/lib/python3.6/site-packages (from tensorboard<1.15.0,>=1.14.0->tensorflow) (3.2.1)
Requirement already satisfied: werkzeug>=0.11.15 in /home/ec2-user/anaconda3/envs/python3/lib/python3.6/site-packages (from tensorboard<1.15.0,>=1.14.0->tensorflow) (0.14.1)
Requirement already satisfied: h5py in /home/ec2-user/anaconda3/envs/python3/lib/python3.6/site-packages (from keras-applications>=1.0.6->tensorflow) (2.8.0)
You are using pip version 10.0.1, however version 20.0.2 is available.
You should consider upgrading via the 'pip install --upgrade pip' command.
